<?xml version="1.0" encoding="UTF-8"?>
<!-- Generated by org.testng.reporters.JUnitReportReporter -->
<testsuite hostname="SAGAR" failures="0" tests="1" name="tNGVerificationStudy.AssertTrue_False" time="0.015" errors="0" timestamp="2022-06-26T22:37:25 IST" skipped="0">
  <testcase classname="tNGVerificationStudy.AssertTrue_False" name="MyMethod" time="0.015"/>
  <system-out>
    <![CDATA[TC Pass, alues is null]]>
  </system-out>
</testsuite> <!-- tNGVerificationStudy.AssertTrue_False -->
