<?xml version="1.0" encoding="UTF-8"?>
<!-- Generated by org.testng.reporters.JUnitReportReporter -->
<testsuite hostname="SAGAR" failures="0" tests="1" name="testPackageNGValidateUID.ValidateKiteAppUserID" time="5.483" errors="0" timestamp="2022-07-07T17:41:10 IST" skipped="0">
  <testcase classname="testPackageNGValidateUID.ValidateKiteAppUserID" name="ValidateID" time="5.483"/>
  <system-out>
    <![CDATA[Excepted User ID and Actual UserID Match TC Passed]]>
  </system-out>
</testsuite> <!-- testPackageNGValidateUID.ValidateKiteAppUserID -->
