<?xml version="1.0" encoding="UTF-8"?>
<!-- Generated by org.testng.reporters.JUnitReportReporter -->
<testsuite hostname="SAGAR" failures="0" tests="5" name="TEstNGKeywords.InvocationCount" time="0.023" errors="0" timestamp="2022-06-23T16:40:51 IST" skipped="0">
  <testcase classname="TEstNGKeywords.InvocationCount" name="C" time="0.003"/>
  <system-out/>
  <testcase classname="TEstNGKeywords.InvocationCount" name="C" time="0.002"/>
  <system-out/>
  <testcase classname="TEstNGKeywords.InvocationCount" name="B" time="0.003"/>
  <system-out/>
  <testcase classname="TEstNGKeywords.InvocationCount" name="A" time="0.013"/>
  <system-out/>
  <testcase classname="TEstNGKeywords.InvocationCount" name="D" time="0.002"/>
  <system-out/>
</testsuite> <!-- TEstNGKeywords.InvocationCount -->
