<?xml version="1.0" encoding="UTF-8"?>
<!-- Generated by org.testng.reporters.JUnitReportReporter -->
<testsuite hostname="SAGAR" failures="0" tests="2" name="testNGIncludeExclude.TestNGGroupTest1" time="0.010" errors="0" timestamp="2022-06-24T15:59:46 IST" skipped="0">
  <testcase classname="testNGIncludeExclude.TestNGGroupTest1" name="B" time="0.007"/>
  <system-out>
    <![CDATA[B is running]]>
  </system-out>
  <testcase classname="testNGIncludeExclude.TestNGGroupTest1" name="C" time="0.003"/>
  <system-out>
    <![CDATA[C is running]]>
  </system-out>
</testsuite> <!-- testNGIncludeExclude.TestNGGroupTest1 -->
