<?xml version="1.0" encoding="UTF-8"?>
<!-- Generated by org.testng.reporters.JUnitReportReporter -->
<testsuite hostname="SAGAR" failures="0" tests="2" name="testNGIncludeExclude.TestNGTest1" time="0.003" errors="0" timestamp="2022-06-24T15:48:01 IST" skipped="0">
  <testcase classname="testNGIncludeExclude.TestNGTest1" name="A" time="0.001"/>
  <system-out>
    <![CDATA[A is running]]>
  </system-out>
  <testcase classname="testNGIncludeExclude.TestNGTest1" name="B" time="0.002"/>
  <system-out>
    <![CDATA[B is running]]>
  </system-out>
</testsuite> <!-- testNGIncludeExclude.TestNGTest1 -->
