<?xml version="1.0" encoding="UTF-8"?>
<!-- Generated by org.testng.reporters.JUnitReportReporter -->
<testsuite hostname="SAGAR" failures="0" tests="2" name="TestNGAnnotations.TestNGStudy" time="22.916" errors="0" timestamp="2022-06-23T16:34:52 IST" skipped="0">
  <testcase classname="TestNGAnnotations.TestNGStudy" name="ValidateFbLoginPage" time="12.393"/>
  <system-out>
    <![CDATA[FB login page opened TC pass]]>
  </system-out>
  <testcase classname="TestNGAnnotations.TestNGStudy" name="ValidateUserID" time="10.523"/>
  <system-out>
    <![CDATA[Kite UserID Mateched TC pass]]>
  </system-out>
</testsuite> <!-- TestNGAnnotations.TestNGStudy -->
