<?xml version="1.0" encoding="UTF-8"?>
<!-- Generated by org.testng.reporters.JUnitReportReporter -->
<testsuite hostname="SAGAR" failures="0" tests="1" name="kiteAppPOMUsingTestNG.ValidateKiteAppUserName" time="6.188" errors="0" timestamp="2022-07-02T10:55:53 IST" skipped="0">
  <testcase classname="kiteAppPOMUsingTestNG.ValidateKiteAppUserName" name="ValidateUserID" time="6.188"/>
  <system-out>
    <![CDATA[User ID are match TC Passed]]>
  </system-out>
</testsuite> <!-- kiteAppPOMUsingTestNG.ValidateKiteAppUserName -->
