<?xml version="1.0" encoding="UTF-8"?>
<!-- Generated by org.testng.reporters.JUnitReportReporter -->
<testsuite hostname="SAGAR" failures="0" tests="1" name="testNGStudy.TestNGEg1" time="31.457" errors="0" timestamp="2022-06-23T16:34:52 IST" skipped="0">
  <testcase classname="testNGStudy.TestNGEg1" name="MyMethod1" time="31.457"/>
  <system-out>
    <![CDATA[Hi this is TestNg first method
Hi this is TestNg first method 1]]>
  </system-out>
</testsuite> <!-- testNGStudy.TestNGEg1 -->
