<?xml version="1.0" encoding="UTF-8"?>
<!-- Generated by org.testng.reporters.JUnitReportReporter -->
<testsuite hostname="SAGAR" failures="0" tests="1" name="seriesAndParallelExecution.Test2" time="5.344" errors="0" timestamp="2022-06-25T11:04:08 IST" skipped="0">
  <testcase classname="seriesAndParallelExecution.Test2" name="FacebookWebPage" time="5.344"/>
  <system-out/>
</testsuite> <!-- seriesAndParallelExecution.Test2 -->
