<?xml version="1.0" encoding="UTF-8"?>
<!-- Generated by org.testng.reporters.JUnitReportReporter -->
<testsuite hostname="SAGAR" failures="0" tests="1" name="kiteAppPOMUsingTestNG.Test111" time="7.496" errors="0" timestamp="2022-07-01T16:29:15 IST" skipped="0">
  <testcase classname="kiteAppPOMUsingTestNG.Test111" name="ValidateUserID" time="7.496"/>
  <system-out>
    <![CDATA[User ID are match TC Passed]]>
  </system-out>
</testsuite> <!-- kiteAppPOMUsingTestNG.Test111 -->
