<?xml version="1.0" encoding="UTF-8"?>
<!-- Generated by org.testng.reporters.JUnitReportReporter -->
<testsuite hostname="SAGAR" failures="0" tests="1" name="failedXMLStudy.FailedXMLTest1" time="0.011" errors="0" timestamp="2022-06-25T10:45:01 IST" skipped="0">
  <testcase classname="failedXMLStudy.FailedXMLTest1" name="A" time="0.011"/>
  <system-out>
    <![CDATA[A is running]]>
  </system-out>
</testsuite> <!-- failedXMLStudy.FailedXMLTest1 -->
