<?xml version="1.0" encoding="UTF-8"?>
<!-- Generated by org.testng.reporters.JUnitReportReporter -->
<testsuite hostname="SAGAR" failures="0" tests="1" name="listenerCaptureScreenshot.ValidateID" time="4.470" errors="0" timestamp="2022-07-08T13:32:30 IST" skipped="0">
  <testcase classname="listenerCaptureScreenshot.ValidateID" name="ValidateKiteUID" time="4.470"/>
  <system-out>
    <![CDATA[User ID Are  March TC Passed]]>
  </system-out>
</testsuite> <!-- listenerCaptureScreenshot.ValidateID -->
