<?xml version="1.0" encoding="UTF-8"?>
<!-- Generated by org.testng.reporters.JUnitReportReporter -->
<testsuite hostname="SAGAR" failures="0" tests="4" name="TEstNGKeywords.DependentOnMethodKeyword" time="0.017" errors="0" timestamp="2022-06-25T10:27:45 IST" skipped="0">
  <testcase classname="TEstNGKeywords.DependentOnMethodKeyword" name="D" time="0.012"/>
  <system-out>
    <![CDATA[D is running]]>
  </system-out>
  <testcase classname="TEstNGKeywords.DependentOnMethodKeyword" name="A" time="0.002"/>
  <system-out>
    <![CDATA[A is running]]>
  </system-out>
  <testcase classname="TEstNGKeywords.DependentOnMethodKeyword" name="C" time="0.001"/>
  <system-out>
    <![CDATA[C is running]]>
  </system-out>
  <testcase classname="TEstNGKeywords.DependentOnMethodKeyword" name="B" time="0.002"/>
  <system-out>
    <![CDATA[B is running]]>
  </system-out>
</testsuite> <!-- TEstNGKeywords.DependentOnMethodKeyword -->
