<?xml version="1.0" encoding="UTF-8"?>
<!-- Generated by org.testng.reporters.JUnitReportReporter -->
<testsuite hostname="SAGAR" failures="0" tests="1" name="tNGVerificationStudy.AssertEuqalStudy" time="0.015" errors="0" timestamp="2022-06-26T22:25:29 IST" skipped="0">
  <testcase classname="tNGVerificationStudy.AssertEuqalStudy" name="MyMethod" time="0.015"/>
  <system-out>
    <![CDATA[TC pass Given two values are different/ Not matched]]>
  </system-out>
</testsuite> <!-- tNGVerificationStudy.AssertEuqalStudy -->
