<?xml version="1.0" encoding="UTF-8"?>
<!-- Generated by org.testng.reporters.JUnitReportReporter -->
<testsuite hostname="SAGAR" failures="0" tests="4" name="TEstNGKeywords.PriorityKeywaord" time="0.019" errors="0" timestamp="2022-06-23T16:47:38 IST" skipped="0">
  <testcase classname="TEstNGKeywords.PriorityKeywaord" name="C" time="0.012"/>
  <system-out>
    <![CDATA[C is running]]>
  </system-out>
  <testcase classname="TEstNGKeywords.PriorityKeywaord" name="D" time="0.002"/>
  <system-out>
    <![CDATA[D is running]]>
  </system-out>
  <testcase classname="TEstNGKeywords.PriorityKeywaord" name="A" time="0.002"/>
  <system-out>
    <![CDATA[A is running]]>
  </system-out>
  <testcase classname="TEstNGKeywords.PriorityKeywaord" name="B" time="0.003"/>
  <system-out>
    <![CDATA[B is running]]>
  </system-out>
</testsuite> <!-- TEstNGKeywords.PriorityKeywaord -->
