<?xml version="1.0" encoding="UTF-8"?>
<!-- Generated by org.testng.reporters.JUnitReportReporter -->
<testsuite hostname="SAGAR" failures="0" tests="2" name="testNGIncludeExclude.TestNGGroupTest2" time="0.020" errors="0" timestamp="2022-06-24T15:59:46 IST" skipped="0">
  <testcase classname="testNGIncludeExclude.TestNGGroupTest2" name="Q" time="0.018"/>
  <system-out>
    <![CDATA[Q is running]]>
  </system-out>
  <testcase classname="testNGIncludeExclude.TestNGGroupTest2" name="R" time="0.002"/>
  <system-out>
    <![CDATA[R is running]]>
  </system-out>
</testsuite> <!-- testNGIncludeExclude.TestNGGroupTest2 -->
