<?xml version="1.0" encoding="UTF-8"?>
<!-- Generated by org.testng.reporters.JUnitReportReporter -->
<testsuite hostname="SAGAR" failures="0" tests="4" name="TEstNGKeywords.TimeOutKeywaord" time="0.529" errors="0" timestamp="2022-06-25T10:21:47 IST" skipped="0">
  <testcase classname="TEstNGKeywords.TimeOutKeywaord" name="A" time="0.011"/>
  <system-out>
    <![CDATA[A is running]]>
  </system-out>
  <testcase classname="TEstNGKeywords.TimeOutKeywaord" name="B" time="0.001"/>
  <system-out>
    <![CDATA[B is running]]>
  </system-out>
  <testcase classname="TEstNGKeywords.TimeOutKeywaord" name="D" time="0.005"/>
  <system-out>
    <![CDATA[D is running]]>
  </system-out>
  <testcase classname="TEstNGKeywords.TimeOutKeywaord" name="C" time="0.512"/>
  <system-out>
    <![CDATA[C is running]]>
  </system-out>
</testsuite> <!-- TEstNGKeywords.TimeOutKeywaord -->
