<?xml version="1.0" encoding="UTF-8"?>
<!-- Generated by org.testng.reporters.JUnitReportReporter -->
<testsuite hostname="SAGAR" failures="0" tests="4" name="TEstNGKeywords.EnablesKeyward" time="0.016" errors="0" timestamp="2022-06-23T16:52:21 IST" skipped="1">
  <testcase classname="TEstNGKeywords.EnablesKeyward" name="A" time="0.012"/>
  <system-out>
    <![CDATA[A is running]]>
  </system-out>
  <testcase classname="TEstNGKeywords.EnablesKeyward" name="B" time="0.002"/>
  <system-out>
    <![CDATA[B is running]]>
  </system-out>
  <testcase classname="TEstNGKeywords.EnablesKeyward" name="D" time="0.002"/>
  <system-out>
    <![CDATA[D is running]]>
  </system-out>
  <testcase classname="TEstNGKeywords.EnablesKeyward" name="C">
    <skipped/>
  </testcase> <!-- C -->
  <system-out/>
</testsuite> <!-- TEstNGKeywords.EnablesKeyward -->
