<?xml version="1.0" encoding="UTF-8"?>
<!-- Generated by org.testng.reporters.JUnitReportReporter -->
<testsuite hostname="SAGAR" failures="0" tests="1" name="testNGIncludeExclude.TestNGTest2" time="0.011" errors="0" timestamp="2022-06-24T15:48:01 IST" skipped="0">
  <testcase classname="testNGIncludeExclude.TestNGTest2" name="Q" time="0.011"/>
  <system-out>
    <![CDATA[Q is running]]>
  </system-out>
</testsuite> <!-- testNGIncludeExclude.TestNGTest2 -->
